[debug] [2026-04-12T17:11:04.795Z] ----------------------------------------------------------------------
[debug] [2026-04-12T17:11:04.799Z] Command:       C:\nvm4w\nodejs\node.exe C:\nvm4w\nodejs\node_modules\firebase-tools\lib\bin\firebase.js deploy
[debug] [2026-04-12T17:11:04.799Z] CLI Version:   15.5.1
[debug] [2026-04-12T17:11:04.799Z] Platform:      win32
[debug] [2026-04-12T17:11:04.799Z] Node Version:  v22.21.1
[debug] [2026-04-12T17:11:04.799Z] Time:          Sun Apr 12 2026 22:41:04 GMT+0530 (India Standard Time)
[debug] [2026-04-12T17:11:04.800Z] ----------------------------------------------------------------------
[debug] 
[debug] [2026-04-12T17:11:06.632Z] > command requires scopes: ["email","openid","https://www.googleapis.com/auth/cloudplatformprojects.readonly","https://www.googleapis.com/auth/firebase","https://www.googleapis.com/auth/cloud-platform"]
[debug] [2026-04-12T17:11:06.632Z] > authorizing via signed-in user (cgauravjaitlya@gmail.com)
[debug] [2026-04-12T17:11:06.632Z] [iam] checking project pli-tracker-b0c69 for permissions ["firebase.projects.get","firebasehosting.sites.update"]
[debug] [2026-04-12T17:11:06.633Z] Checked if tokens are valid: true, expires at: 1776016448230
[debug] [2026-04-12T17:11:06.634Z] Checked if tokens are valid: true, expires at: 1776016448230
[debug] [2026-04-12T17:11:06.634Z] >>> [apiv2][query] POST https://cloudresourcemanager.googleapis.com/v1/projects/pli-tracker-b0c69:testIamPermissions [none]
[debug] [2026-04-12T17:11:06.635Z] >>> [apiv2][(partial)header] POST https://cloudresourcemanager.googleapis.com/v1/projects/pli-tracker-b0c69:testIamPermissions  x-goog-user-project=pli-tracker-b0c69
[debug] [2026-04-12T17:11:06.635Z] >>> [apiv2][body] POST https://cloudresourcemanager.googleapis.com/v1/projects/pli-tracker-b0c69:testIamPermissions {"permissions":["firebase.projects.get","firebasehosting.sites.update"]}
[debug] [2026-04-12T17:11:08.268Z] <<< [apiv2][status] POST https://cloudresourcemanager.googleapis.com/v1/projects/pli-tracker-b0c69:testIamPermissions 200
[debug] [2026-04-12T17:11:08.269Z] <<< [apiv2][body] POST https://cloudresourcemanager.googleapis.com/v1/projects/pli-tracker-b0c69:testIamPermissions {"permissions":["firebase.projects.get","firebasehosting.sites.update"]}
[debug] [2026-04-12T17:11:08.270Z] Checked if tokens are valid: true, expires at: 1776016448230
[debug] [2026-04-12T17:11:08.270Z] Checked if tokens are valid: true, expires at: 1776016448230
[debug] [2026-04-12T17:11:08.270Z] >>> [apiv2][query] GET https://firebase.googleapis.com/v1beta1/projects/pli-tracker-b0c69 [none]
[debug] [2026-04-12T17:11:08.806Z] <<< [apiv2][status] GET https://firebase.googleapis.com/v1beta1/projects/pli-tracker-b0c69 200
[debug] [2026-04-12T17:11:08.806Z] <<< [apiv2][body] GET https://firebase.googleapis.com/v1beta1/projects/pli-tracker-b0c69 {"projectId":"pli-tracker-b0c69","projectNumber":"670551510727","displayName":"pli-tracker","name":"projects/pli-tracker-b0c69","resources":{"hostingSite":"pli-tracker-b0c69"},"state":"ACTIVE","etag":"1_edec36a4-c826-41d7-b18b-e7c10ad21e71"}
[debug] [2026-04-12T17:11:12.683Z] Checked if tokens are valid: true, expires at: 1776016448230
[debug] [2026-04-12T17:11:12.683Z] Checked if tokens are valid: true, expires at: 1776016448230
[debug] [2026-04-12T17:11:12.684Z] >>> [apiv2][query] GET https://firebasehosting.googleapis.com/v1beta1/projects/pli-tracker-b0c69/sites pageToken=&pageSize=10
[debug] [2026-04-12T17:11:13.979Z] <<< [apiv2][status] GET https://firebasehosting.googleapis.com/v1beta1/projects/pli-tracker-b0c69/sites 200
[debug] [2026-04-12T17:11:13.980Z] <<< [apiv2][body] GET https://firebasehosting.googleapis.com/v1beta1/projects/pli-tracker-b0c69/sites {"sites":[{"name":"projects/pli-tracker-b0c69/sites/pli-tracker-b0c69","defaultUrl":"https://pli-tracker-b0c69.web.app","type":"DEFAULT_SITE"}]}
[debug] [2026-04-12T17:11:13.981Z] Checked if tokens are valid: true, expires at: 1776016448230
[debug] [2026-04-12T17:11:13.981Z] Checked if tokens are valid: true, expires at: 1776016448230
[debug] [2026-04-12T17:11:13.981Z] >>> [apiv2][query] GET https://firebasehosting.googleapis.com/v1beta1/projects/pli-tracker-b0c69/sites 
[debug] [2026-04-12T17:11:14.640Z] <<< [apiv2][status] GET https://firebasehosting.googleapis.com/v1beta1/projects/pli-tracker-b0c69/sites 200
[debug] [2026-04-12T17:11:14.640Z] <<< [apiv2][body] GET https://firebasehosting.googleapis.com/v1beta1/projects/pli-tracker-b0c69/sites {"sites":[{"name":"projects/pli-tracker-b0c69/sites/pli-tracker-b0c69","defaultUrl":"https://pli-tracker-b0c69.web.app","type":"DEFAULT_SITE"}]}
[debug] [2026-04-12T17:11:14.641Z] Checked if tokens are valid: true, expires at: 1776016448230
[debug] [2026-04-12T17:11:14.641Z] Checked if tokens are valid: true, expires at: 1776016448230
[debug] [2026-04-12T17:11:14.642Z] >>> [apiv2][query] GET https://firebase.googleapis.com/v1beta1/projects/pli-tracker-b0c69/webApps/-/config [none]
[debug] [2026-04-12T17:11:15.590Z] <<< [apiv2][status] GET https://firebase.googleapis.com/v1beta1/projects/pli-tracker-b0c69/webApps/-/config 200
[debug] [2026-04-12T17:11:15.590Z] <<< [apiv2][body] GET https://firebase.googleapis.com/v1beta1/projects/pli-tracker-b0c69/webApps/-/config {"projectId":"pli-tracker-b0c69","appId":"1:670551510727:web:477463660e5a305de0b8e2","storageBucket":"pli-tracker-b0c69.firebasestorage.app","apiKey":"AIzaSyCzk_pgeVeMO_Bsuw3hNmYTWKDiE_PDFn0","authDomain":"pli-tracker-b0c69.firebaseapp.com","messagingSenderId":"670551510727","projectNumber":"670551510727","version":"2"}
[info] 
   Thank you for trying our early preview of Next.js support on Firebase Hosting.
   During the preview, support is best-effort and breaking changes can be expected. Proceed with caution.
   The integration is known to work with Next.js version 12 - 15.0. You may encounter errors.

   Documentation: https://firebase.google.com/docs/hosting/frameworks/nextjs
   File a bug: https://github.com/firebase/firebase-tools/issues/new?template=bug_report.md
   Submit a feature request: https://github.com/firebase/firebase-tools/issues/new?template=feature_request.md

   We'd love to learn from you. Express your interest in helping us shape the future of Firebase Hosting: https://goo.gle/41enW5X

[debug] [2026-04-12T17:11:23.375Z] Checked if tokens are valid: true, expires at: 1776016448230
[debug] [2026-04-12T17:11:23.386Z] Checked if tokens are valid: true, expires at: 1776016448230
[debug] [2026-04-12T17:11:23.387Z] >>> [apiv2][query] GET https://firebasehosting.googleapis.com/v1beta1/projects/pli-tracker-b0c69/sites/pli-tracker-b0c69 [none]
[debug] [2026-04-12T17:11:24.642Z] <<< [apiv2][status] GET https://firebasehosting.googleapis.com/v1beta1/projects/pli-tracker-b0c69/sites/pli-tracker-b0c69 200
[debug] [2026-04-12T17:11:24.642Z] <<< [apiv2][body] GET https://firebasehosting.googleapis.com/v1beta1/projects/pli-tracker-b0c69/sites/pli-tracker-b0c69 {"name":"projects/pli-tracker-b0c69/sites/pli-tracker-b0c69","defaultUrl":"https://pli-tracker-b0c69.web.app","type":"DEFAULT_SITE"}
[info] ▲ Next.js 16.2.3 (Turbopack)

[info] - Environments: .env


[info]   Creating an optimized production build ...

[info] ✓ Compiled successfully in 24.2s

[info]   Running TypeScript ...

[info]   Finished TypeScript in 14.1s ...

[info]   Collecting page data using 11 workers ...

[info]   Generating static pages using 11 workers (0/7) ...

[info]   Generating static pages using 11 workers (1/7) 

[info]   Generating static pages using 11 workers (3/7) 
  Generating static pages using 11 workers (5/7) 
✓ Generating static pages using 11 workers (7/7) in 1173ms

[info]   Finalizing page optimization ...

[info] 

[info] Route (app)
┌ ○ /
├ ○ /_not-found
├ ƒ /annexure/[id]
├ ○ /dashboard
├ ○ /login
├ ○ /section
├ ƒ /section/[id]
└ ƒ /table/[id]


[info] 
○  (Static)   prerendered as static content
ƒ  (Dynamic)  server-rendered on demand


[info] Building a Cloud Function to run this application. This is needed due to:
[info]  • non-static component /(protected)/annexure/[id]/page
[info]  • non-static component /(protected)/section/[id]/page
[info]  • non-static component /(protected)/table/[id]/page
[info] 
[debug] [2026-04-12T17:12:15.216Z] Checked if tokens are valid: true, expires at: 1776016448230
[debug] [2026-04-12T17:12:15.216Z] Checked if tokens are valid: true, expires at: 1776016448230
[debug] [2026-04-12T17:12:15.217Z] >>> [apiv2][query] GET https://firebasehosting.googleapis.com/v1beta1/projects/pli-tracker-b0c69/sites/pli-tracker-b0c69 [none]
[debug] [2026-04-12T17:12:16.447Z] <<< [apiv2][status] GET https://firebasehosting.googleapis.com/v1beta1/projects/pli-tracker-b0c69/sites/pli-tracker-b0c69 200
[debug] [2026-04-12T17:12:16.447Z] <<< [apiv2][body] GET https://firebasehosting.googleapis.com/v1beta1/projects/pli-tracker-b0c69/sites/pli-tracker-b0c69 {"name":"projects/pli-tracker-b0c69/sites/pli-tracker-b0c69","defaultUrl":"https://pli-tracker-b0c69.web.app","type":"DEFAULT_SITE"}
